{
  "RSpec": {
    "coverage": {
      "/myapp/app/models/user.rb": {
        "lines": [
          1,
          null,
          null,
          1,
          null,
          null,
          null,
          1,
          1,
          1,
          null,
          1,
          null,
          1,
          null,
          1,
          2,
          2,
          2,
          2,
          2,
          null,
          2,
          null,
          null,
          null,
          1,
          null,
          1,
          2,
          null,
          0,
          0,
          null,
          null,
          0,
          0,
          0,
          null,
          null,
          null
        ]
      },
      "/myapp/app/models/application_record.rb": {
        "lines": [
          1,
          1,
          null
        ]
      },
      "/myapp/app/helpers/application_helper.rb": {
        "lines": [
          1,
          null,
          1,
          null,
          null,
          null,
          null,
          null,
          1,
          0,
          null,
          0,
          null,
          null,
          0,
          null,
          null,
          0,
          0,
          null,
          null,
          null,
          1,
          null,
          1,
          0,
          null,
          0,
          0,
          null,
          null
        ]
      },
      "/myapp/app/helpers/comments_helper.rb": {
        "lines": [
          1,
          null
        ]
      },
      "/myapp/app/helpers/likes_helper.rb": {
        "lines": [
          1,
          null
        ]
      },
      "/myapp/app/helpers/posts_helper.rb": {
        "lines": [
          1,
          null,
          null
        ]
      },
      "/myapp/app/helpers/static_pages_helper.rb": {
        "lines": [
          1,
          null
        ]
      },
      "/myapp/app/controllers/users/omniauth_callbacks_controller.rb": {
        "lines": [
          1,
          1,
          null,
          1,
          2,
          null,
          2,
          2,
          null,
          null,
          2,
          0,
          0,
          0,
          null,
          2,
          null,
          null,
          0,
          0,
          0,
          null,
          null,
          null,
          1,
          0,
          0,
          null,
          null
        ]
      },
      "/myapp/app/controllers/application_controller.rb": {
        "lines": [
          1,
          1,
          1,
          1,
          null,
          null,
          1,
          null,
          1,
          null,
          1,
          2,
          null,
          null,
          null,
          1,
          null,
          2,
          0,
          null,
          null,
          null,
          1,
          null,
          1,
          2,
          null,
          null,
          null,
          null,
          null,
          null,
          null,
          null,
          null,
          null,
          null,
          null,
          null,
          null,
          null,
          null,
          null,
          1,
          0,
          null,
          null
        ]
      }
    },
    "timestamp": 1763036215
  }
}
